<?xml version="1.0" encoding="UTF-8" ?>
<testsuites>
 <testsuite name="angular calculation page testing" timestamp="2019-11-11T15:22:05" hostname="localhost" time="16.659" errors="0" tests="1" skipped="0" failures="0">
  <testcase classname="angular calculation page testing" name="should validate reactive form" time="16.658">
  </testcase>
 </testsuite>
</testsuites>